Start program: 16.11.2025 00:07:23
ZooApplication
16.11.2025 00:07:23 INFO: Program started by user: admin
16.11.2025 00:07:23 INFO: Program finished


addTotalCount = 0
addTotalTime = 0
addMedianTime = 0
addAverageTime = 0


setTotalCount = 0
setTotalTime = 0
setMedianTime = 0
setAverageTime = 0

TotalOperationsTimeNanos = 0
Finish program: 16.11.2025 00:07:23
Start program: 16.11.2025 00:07:42
ZooApplication
16.11.2025 00:07:42 INFO: Program started by user: admin
16.11.2025 00:07:42 INFO: Program finished


addTotalCount = 0
addTotalTime = 0
addMedianTime = 0
addAverageTime = 0


setTotalCount = 0
setTotalTime = 0
setMedianTime = 0
setAverageTime = 0

TotalOperationsTimeNanos = 0
Finish program: 16.11.2025 00:07:42
Start program: 16.11.2025 13:13:46
ZooApplication
16.11.2025 13:13:46 INFO: Program started by user: admin
16.11.2025 13:13:46 INFO: Program finished


addTotalCount = 0
addTotalTime = 0
addMedianTime = 0
addAverageTime = 0


setTotalCount = 0
setTotalTime = 0
setMedianTime = 0
setAverageTime = 0

TotalOperationsTimeNanos = 0
Finish program: 16.11.2025 13:13:46
Start program: 16.11.2025 13:20:54
ZooApplication
16.11.2025 13:20:55 INFO: Program started by user: admin
16.11.2025 13:20:55 INFO: Program finished


addTotalCount = 0
addTotalTime = 0
addMedianTime = 0
addAverageTime = 0


setTotalCount = 0
setTotalTime = 0
setMedianTime = 0
setAverageTime = 0

TotalOperationsTimeNanos = 0
Finish program: 16.11.2025 13:20:55
Start program: 16.11.2025 13:29:07
ZooApplication
16.11.2025 13:29:07 INFO: Program started by user: admin
16.11.2025 13:29:07 INFO: Program finished


addTotalCount = 0
addTotalTime = 0
addMedianTime = 0
addAverageTime = 0


setTotalCount = 0
setTotalTime = 0
setMedianTime = 0
setAverageTime = 0

TotalOperationsTimeNanos = 0
Finish program: 16.11.2025 13:29:07
Start program: 30.11.2025 14:54:26
ZooApplication
30.11.2025 14:54:26 INFO: Program started by user: admin
30.11.2025 14:54:28 INFO: Program finished


addTotalCount = 0
addTotalTime = 0
addMedianTime = 0
addAverageTime = 0


setTotalCount = 0
setTotalTime = 0
setMedianTime = 0
setAverageTime = 0

TotalOperationsTimeNanos = 0
Finish program: 30.11.2025 14:54:28
Start program: 30.11.2025 14:58:01
ZooApplication
30.11.2025 14:58:01 INFO: Program started by user: admin
30.11.2025 14:58:02 INFO: Program finished


addTotalCount = 0
addTotalTime = 0
addMedianTime = 0
addAverageTime = 0


setTotalCount = 0
setTotalTime = 0
setMedianTime = 0
setAverageTime = 0

TotalOperationsTimeNanos = 0
Finish program: 30.11.2025 14:58:02
Start program: 30.11.2025 14:58:31
ZooApplication
30.11.2025 14:58:31 INFO: Program started by user: admin
30.11.2025 14:58:31 INFO: Program finished


addTotalCount = 0
addTotalTime = 0
addMedianTime = 0
addAverageTime = 0


setTotalCount = 0
setTotalTime = 0
setMedianTime = 0
setAverageTime = 0

TotalOperationsTimeNanos = 0
Finish program: 30.11.2025 14:58:31
