Start program: 16.11.2025 13:21:06
ArrayList
add, ID = 1, 566
add, ID = 2, 482
add, ID = 3, 361
add, ID = 4, 361
add, ID = 5, 376
add, ID = 6, 376
add, ID = 7, 346
add, ID = 8, 346
add, ID = 9, 306
add, ID = 10, 401
add, ID = 11, 360
add, ID = 12, 397
add, ID = 13, 347
add, ID = 14, 301
add, ID = 15, 356
add, ID = 16, 324
add, ID = 17, 351
add, ID = 18, 356
add, ID = 19, 339
add, ID = 20, 301
add, ID = 21, 370
add, ID = 22, 331
add, ID = 23, 337
add, ID = 24, 335
add, ID = 25, 358
add, ID = 26, 371
add, ID = 27, 357
add, ID = 28, 330
add, ID = 29, 21842
add, ID = 30, 341
add, ID = 31, 371
add, ID = 32, 284
add, ID = 33, 371
add, ID = 34, 357
add, ID = 35, 315
add, ID = 36, 290
add, ID = 37, 366
add, ID = 38, 382
add, ID = 39, 316
add, ID = 40, 400
add, ID = 41, 355
add, ID = 42, 373
add, ID = 43, 444
add, ID = 44, 350
add, ID = 45, 199
add, ID = 46, 326
add, ID = 47, 277
add, ID = 48, 338
add, ID = 49, 254
add, ID = 50, 322
add, ID = 51, 421
add, ID = 52, 307
add, ID = 53, 355
add, ID = 54, 288
add, ID = 55, 379
add, ID = 56, 356
add, ID = 57, 274
add, ID = 58, 352
add, ID = 59, 377
add, ID = 60, 312
add, ID = 61, 330
add, ID = 62, 400
add, ID = 63, 361
add, ID = 64, 398
add, ID = 65, 339
add, ID = 66, 415
add, ID = 67, 394
add, ID = 68, 363
add, ID = 69, 378
add, ID = 70, 304
add, ID = 71, 361
add, ID = 72, 339
add, ID = 73, 373
add, ID = 74, 291
add, ID = 75, 334
add, ID = 76, 328
add, ID = 77, 311
add, ID = 78, 374
add, ID = 79, 326
add, ID = 80, 333
add, ID = 81, 333
add, ID = 82, 292
add, ID = 83, 344
add, ID = 84, 315
add, ID = 85, 346
add, ID = 86, 326
add, ID = 87, 309
add, ID = 88, 281
add, ID = 89, 317
add, ID = 90, 342
add, ID = 91, 261
add, ID = 92, 273
add, ID = 93, 330
add, ID = 94, 322
add, ID = 95, 352
add, ID = 96, 332
add, ID = 97, 334
add, ID = 98, 291
add, ID = 99, 324
add, ID = 100, 370
add, ID = 101, 343
add, ID = 102, 248
add, ID = 103, 312
add, ID = 104, 330
add, ID = 105, 361
add, ID = 106, 299
add, ID = 107, 380
add, ID = 108, 240
add, ID = 109, 314
add, ID = 110, 352
add, ID = 111, 377
add, ID = 112, 359
add, ID = 113, 340
add, ID = 114, 240
add, ID = 115, 310
add, ID = 116, 304
add, ID = 117, 275
add, ID = 118, 251
add, ID = 119, 291
add, ID = 120, 262
add, ID = 121, 245
add, ID = 122, 284
add, ID = 123, 271
add, ID = 124, 288
add, ID = 125, 277
add, ID = 126, 274
add, ID = 127, 332
add, ID = 128, 361
add, ID = 129, 333
add, ID = 130, 540
add, ID = 131, 288
add, ID = 132, 294
add, ID = 133, 330
add, ID = 134, 404
add, ID = 135, 298
add, ID = 136, 322
add, ID = 137, 326
add, ID = 138, 322
add, ID = 139, 306
add, ID = 140, 296
add, ID = 141, 277
add, ID = 142, 293
add, ID = 143, 316
add, ID = 144, 311
add, ID = 145, 815
add, ID = 146, 357
add, ID = 147, 492
add, ID = 148, 292
add, ID = 149, 291
add, ID = 150, 273
add, ID = 151, 266
add, ID = 152, 266
add, ID = 153, 337
add, ID = 154, 285
add, ID = 155, 240
add, ID = 156, 296
add, ID = 157, 294
add, ID = 158, 353
add, ID = 159, 366
add, ID = 160, 906
add, ID = 161, 322
add, ID = 162, 287
add, ID = 163, 460
add, ID = 164, 246
add, ID = 165, 424
add, ID = 166, 308
add, ID = 167, 239
add, ID = 168, 280
add, ID = 169, 303
add, ID = 170, 304
add, ID = 171, 388
add, ID = 172, 380
add, ID = 173, 319
add, ID = 174, 398
add, ID = 175, 264
add, ID = 176, 210
add, ID = 177, 338
add, ID = 178, 273
add, ID = 179, 309
add, ID = 180, 254
add, ID = 181, 277
add, ID = 182, 303
add, ID = 183, 334
add, ID = 184, 266
add, ID = 185, 252
add, ID = 186, 255
add, ID = 187, 224
add, ID = 188, 274
add, ID = 189, 651
add, ID = 190, 283
add, ID = 191, 310
add, ID = 192, 272
add, ID = 193, 269
add, ID = 194, 285
add, ID = 195, 248
add, ID = 196, 291
add, ID = 197, 232
add, ID = 198, 231
add, ID = 199, 265
add, ID = 200, 256
add, ID = 201, 227
add, ID = 202, 249
add, ID = 203, 233
add, ID = 204, 228
add, ID = 205, 222
add, ID = 206, 202
add, ID = 207, 262
add, ID = 208, 295
add, ID = 209, 287
add, ID = 210, 279
add, ID = 211, 265
add, ID = 212, 529
add, ID = 213, 455
add, ID = 214, 346
add, ID = 215, 266
add, ID = 216, 289
add, ID = 217, 241
add, ID = 218, 236
add, ID = 219, 293
add, ID = 220, 322
add, ID = 221, 263
add, ID = 222, 314
add, ID = 223, 300
add, ID = 224, 244
add, ID = 225, 510
add, ID = 226, 276
add, ID = 227, 336
add, ID = 228, 279
add, ID = 229, 249
add, ID = 230, 249
add, ID = 231, 303
add, ID = 232, 241
add, ID = 233, 559
add, ID = 234, 303
add, ID = 235, 286
add, ID = 236, 269
add, ID = 237, 246
add, ID = 238, 234
add, ID = 239, 229
add, ID = 240, 275
add, ID = 241, 241
add, ID = 242, 200
add, ID = 243, 248
add, ID = 244, 251
add, ID = 245, 264
add, ID = 246, 248
add, ID = 247, 229
add, ID = 248, 224
add, ID = 249, 224
add, ID = 250, 256
add, ID = 251, 299
add, ID = 252, 232
add, ID = 253, 306
add, ID = 254, 249
add, ID = 255, 332
add, ID = 256, 252
add, ID = 257, 454
add, ID = 258, 193
add, ID = 259, 638
add, ID = 260, 312
add, ID = 261, 308
add, ID = 262, 310
add, ID = 263, 291
add, ID = 264, 211
add, ID = 265, 305
add, ID = 266, 220
add, ID = 267, 252
add, ID = 268, 264
add, ID = 269, 226
add, ID = 270, 311
add, ID = 271, 335
add, ID = 272, 316
add, ID = 273, 252
add, ID = 274, 286
add, ID = 275, 763
add, ID = 276, 412
add, ID = 277, 274
add, ID = 278, 354
add, ID = 279, 294
add, ID = 280, 242
add, ID = 281, 240
add, ID = 282, 264
add, ID = 283, 376
add, ID = 284, 274
add, ID = 285, 248
add, ID = 286, 193
add, ID = 287, 354
add, ID = 288, 242
add, ID = 289, 281
add, ID = 290, 241
add, ID = 291, 214
add, ID = 292, 269
add, ID = 293, 351
add, ID = 294, 266
add, ID = 295, 219
add, ID = 296, 207
add, ID = 297, 255
add, ID = 298, 228
add, ID = 299, 231
add, ID = 300, 538
add, ID = 301, 380
add, ID = 302, 302
add, ID = 303, 298
add, ID = 304, 298
add, ID = 305, 290
add, ID = 306, 366
add, ID = 307, 156
add, ID = 308, 183
add, ID = 309, 181
add, ID = 310, 188
add, ID = 311, 169
add, ID = 312, 175
add, ID = 313, 158
add, ID = 314, 145
add, ID = 315, 170
add, ID = 316, 179
add, ID = 317, 165
add, ID = 318, 135
add, ID = 319, 161
add, ID = 320, 318
add, ID = 321, 222
add, ID = 322, 301
add, ID = 323, 259
add, ID = 324, 294
add, ID = 325, 264
add, ID = 326, 292
add, ID = 327, 227
add, ID = 328, 289
add, ID = 329, 267
add, ID = 330, 237
add, ID = 331, 269
add, ID = 332, 255
add, ID = 333, 265
add, ID = 334, 284
add, ID = 335, 272
add, ID = 336, 218
add, ID = 337, 216
add, ID = 338, 227
add, ID = 339, 217
add, ID = 340, 227
add, ID = 341, 213
add, ID = 342, 235
add, ID = 343, 238
add, ID = 344, 263
add, ID = 345, 252
add, ID = 346, 270
add, ID = 347, 194
add, ID = 348, 334
add, ID = 349, 196
add, ID = 350, 343
add, ID = 351, 353
add, ID = 352, 240
add, ID = 353, 241
add, ID = 354, 304
add, ID = 355, 258
add, ID = 356, 252
add, ID = 357, 274
add, ID = 358, 270
add, ID = 359, 264
add, ID = 360, 258
add, ID = 361, 269
add, ID = 362, 217
add, ID = 363, 263
add, ID = 364, 271
add, ID = 365, 551
add, ID = 366, 486
add, ID = 367, 330
add, ID = 368, 300
add, ID = 369, 249
add, ID = 370, 257
add, ID = 371, 274
add, ID = 372, 238
add, ID = 373, 276
add, ID = 374, 289
add, ID = 375, 265
add, ID = 376, 264
add, ID = 377, 202
add, ID = 378, 278
add, ID = 379, 247
add, ID = 380, 217
add, ID = 381, 248
add, ID = 382, 205
add, ID = 383, 270
add, ID = 384, 201
add, ID = 385, 219
add, ID = 386, 236
add, ID = 387, 240
add, ID = 388, 234
add, ID = 389, 226
add, ID = 390, 314
add, ID = 391, 293
add, ID = 392, 248
add, ID = 393, 220
add, ID = 394, 249
add, ID = 395, 242
add, ID = 396, 254
add, ID = 397, 298
add, ID = 398, 248
add, ID = 399, 251
add, ID = 400, 273
add, ID = 401, 269
add, ID = 402, 280
add, ID = 403, 285
add, ID = 404, 237
add, ID = 405, 271
add, ID = 406, 221
add, ID = 407, 237
add, ID = 408, 238
add, ID = 409, 260
add, ID = 410, 255
add, ID = 411, 648
add, ID = 412, 362
add, ID = 413, 224
add, ID = 414, 202
add, ID = 415, 188
add, ID = 416, 231
add, ID = 417, 190
add, ID = 418, 214
add, ID = 419, 191
add, ID = 420, 186
add, ID = 421, 226
add, ID = 422, 197
add, ID = 423, 219
add, ID = 424, 263
add, ID = 425, 233
add, ID = 426, 254
add, ID = 427, 247
add, ID = 428, 181
add, ID = 429, 228
add, ID = 430, 211
add, ID = 431, 267
add, ID = 432, 242
add, ID = 433, 189
add, ID = 434, 163
add, ID = 435, 203
add, ID = 436, 1063
add, ID = 437, 472
add, ID = 438, 336
add, ID = 439, 343
add, ID = 440, 321
add, ID = 441, 261
add, ID = 442, 234
add, ID = 443, 300
add, ID = 444, 232
add, ID = 445, 334
add, ID = 446, 349
add, ID = 447, 225
add, ID = 448, 284
add, ID = 449, 273
add, ID = 450, 254
add, ID = 451, 283
add, ID = 452, 293
add, ID = 453, 292
add, ID = 454, 306
add, ID = 455, 310
add, ID = 456, 268
add, ID = 457, 258
add, ID = 458, 246
add, ID = 459, 268
add, ID = 460, 293
add, ID = 461, 271
add, ID = 462, 290
add, ID = 463, 258
add, ID = 464, 242
add, ID = 465, 230
add, ID = 466, 211
add, ID = 467, 199
add, ID = 468, 200
add, ID = 469, 246
add, ID = 470, 248
add, ID = 471, 231
add, ID = 472, 234
add, ID = 473, 217
add, ID = 474, 212
add, ID = 475, 226
add, ID = 476, 220
add, ID = 477, 226
add, ID = 478, 208
add, ID = 479, 249
add, ID = 480, 199
add, ID = 481, 204
add, ID = 482, 166
add, ID = 483, 198
add, ID = 484, 261
add, ID = 485, 237
add, ID = 486, 245
add, ID = 487, 243
add, ID = 488, 230
add, ID = 489, 191
add, ID = 490, 209
add, ID = 491, 261
add, ID = 492, 236
add, ID = 493, 322
add, ID = 494, 283
add, ID = 495, 264
add, ID = 496, 152
add, ID = 497, 193
add, ID = 498, 195
add, ID = 499, 180
add, ID = 500, 212
add, ID = 501, 212
add, ID = 502, 167
add, ID = 503, 172
add, ID = 504, 168
add, ID = 505, 205
add, ID = 506, 381
add, ID = 507, 492
add, ID = 508, 270
add, ID = 509, 300
add, ID = 510, 367
add, ID = 511, 355
add, ID = 512, 303
add, ID = 513, 397
add, ID = 514, 276
add, ID = 515, 538
add, ID = 516, 249
add, ID = 517, 274
add, ID = 518, 269
add, ID = 519, 301
add, ID = 520, 231
add, ID = 521, 218
add, ID = 522, 232
add, ID = 523, 174
add, ID = 524, 173
add, ID = 525, 306
add, ID = 526, 252
add, ID = 527, 197
add, ID = 528, 255
add, ID = 529, 219
add, ID = 530, 247
add, ID = 531, 367
add, ID = 532, 279
add, ID = 533, 241
add, ID = 534, 266
add, ID = 535, 266
add, ID = 536, 252
add, ID = 537, 281
add, ID = 538, 236
add, ID = 539, 253
add, ID = 540, 273
add, ID = 541, 187
add, ID = 542, 180
add, ID = 543, 248
add, ID = 544, 279
add, ID = 545, 220
add, ID = 546, 267
add, ID = 547, 194
add, ID = 548, 177
add, ID = 549, 217
add, ID = 550, 535
add, ID = 551, 449
add, ID = 552, 877
add, ID = 553, 405
add, ID = 554, 213
add, ID = 555, 408
add, ID = 556, 284
add, ID = 557, 435
add, ID = 558, 211
add, ID = 559, 507
add, ID = 560, 846
add, ID = 561, 443
add, ID = 562, 388
add, ID = 563, 405
add, ID = 564, 267
add, ID = 565, 269
add, ID = 566, 278
add, ID = 567, 331
add, ID = 568, 304
add, ID = 569, 287
add, ID = 570, 266
add, ID = 571, 263
add, ID = 572, 258
add, ID = 573, 297
add, ID = 574, 904
add, ID = 575, 325
add, ID = 576, 256
add, ID = 577, 253
add, ID = 578, 233
add, ID = 579, 227
add, ID = 580, 163
add, ID = 581, 182
add, ID = 582, 178
add, ID = 583, 160
add, ID = 584, 182
add, ID = 585, 215
add, ID = 586, 206
add, ID = 587, 214
add, ID = 588, 163
add, ID = 589, 399
add, ID = 590, 382
add, ID = 591, 545
add, ID = 592, 224
add, ID = 593, 534
add, ID = 594, 417
add, ID = 595, 1133
add, ID = 596, 587
add, ID = 597, 427
add, ID = 598, 276
add, ID = 599, 296
add, ID = 600, 320
add, ID = 601, 258
add, ID = 602, 234
add, ID = 603, 308
add, ID = 604, 272
add, ID = 605, 229
add, ID = 606, 280
add, ID = 607, 291
add, ID = 608, 299
add, ID = 609, 232
add, ID = 610, 240
add, ID = 611, 308
add, ID = 612, 514
add, ID = 613, 302
add, ID = 614, 313
add, ID = 615, 269
add, ID = 616, 278
add, ID = 617, 300
add, ID = 618, 238
add, ID = 619, 235
add, ID = 620, 239
add, ID = 621, 212
add, ID = 622, 252
add, ID = 623, 297
add, ID = 624, 336
add, ID = 625, 337
add, ID = 626, 346
add, ID = 627, 285
add, ID = 628, 333
add, ID = 629, 337
add, ID = 630, 721
add, ID = 631, 318
add, ID = 632, 243
add, ID = 633, 218
add, ID = 634, 185
add, ID = 635, 192
add, ID = 636, 193
add, ID = 637, 252
add, ID = 638, 180
add, ID = 639, 243
add, ID = 640, 196
add, ID = 641, 164
add, ID = 642, 164
add, ID = 643, 178
add, ID = 644, 231
add, ID = 645, 238
add, ID = 646, 181
add, ID = 647, 195
add, ID = 648, 191
add, ID = 649, 202
add, ID = 650, 184
add, ID = 651, 184
add, ID = 652, 164
add, ID = 653, 223
add, ID = 654, 230
add, ID = 655, 242
add, ID = 656, 225
add, ID = 657, 236
add, ID = 658, 254
add, ID = 659, 263
add, ID = 660, 233
add, ID = 661, 247
add, ID = 662, 245
add, ID = 663, 220
add, ID = 664, 173
add, ID = 665, 190
add, ID = 666, 192
add, ID = 667, 196
add, ID = 668, 201
add, ID = 669, 226
add, ID = 670, 219
add, ID = 671, 202
add, ID = 672, 214
add, ID = 673, 238
add, ID = 674, 133
add, ID = 675, 413
add, ID = 676, 225
add, ID = 677, 147
add, ID = 678, 173
add, ID = 679, 147
add, ID = 680, 229
add, ID = 681, 410
add, ID = 682, 259
add, ID = 683, 177
add, ID = 684, 171
add, ID = 685, 155
add, ID = 686, 185
add, ID = 687, 1099
add, ID = 688, 604
add, ID = 689, 309
add, ID = 690, 576
add, ID = 691, 432
add, ID = 692, 267
add, ID = 693, 223
add, ID = 694, 241
add, ID = 695, 174
add, ID = 696, 260
add, ID = 697, 190
add, ID = 698, 218
add, ID = 699, 193
add, ID = 700, 162
add, ID = 701, 157
add, ID = 702, 158
add, ID = 703, 190
add, ID = 704, 147
add, ID = 705, 159
add, ID = 706, 136
add, ID = 707, 136
add, ID = 708, 174
add, ID = 709, 188
add, ID = 710, 170
add, ID = 711, 197
add, ID = 712, 172
add, ID = 713, 155
add, ID = 714, 192
add, ID = 715, 164
add, ID = 716, 150
add, ID = 717, 133
add, ID = 718, 161
add, ID = 719, 171
add, ID = 720, 147
add, ID = 721, 127
add, ID = 722, 193
add, ID = 723, 152
add, ID = 724, 167
add, ID = 725, 244
add, ID = 726, 158
add, ID = 727, 179
add, ID = 728, 203
add, ID = 729, 159
add, ID = 730, 157
add, ID = 731, 182
add, ID = 732, 160
add, ID = 733, 140
add, ID = 734, 201
add, ID = 735, 182
add, ID = 736, 178
add, ID = 737, 513
add, ID = 738, 179
add, ID = 739, 171
add, ID = 740, 217
add, ID = 741, 174
add, ID = 742, 161
add, ID = 743, 168
add, ID = 744, 193
add, ID = 745, 158
add, ID = 746, 249
add, ID = 747, 275
add, ID = 748, 198
add, ID = 749, 167
add, ID = 750, 983
add, ID = 751, 549
add, ID = 752, 269
add, ID = 753, 200
add, ID = 754, 163
add, ID = 755, 182
add, ID = 756, 162
add, ID = 757, 156
add, ID = 758, 151
add, ID = 759, 170
add, ID = 760, 225
add, ID = 761, 163
add, ID = 762, 172
add, ID = 763, 162
add, ID = 764, 159
add, ID = 765, 146
add, ID = 766, 164
add, ID = 767, 132
add, ID = 768, 191
add, ID = 769, 168
add, ID = 770, 170
add, ID = 771, 1495
add, ID = 772, 504
add, ID = 773, 343
add, ID = 774, 252
add, ID = 775, 145
add, ID = 776, 160
add, ID = 777, 149
add, ID = 778, 187
add, ID = 779, 133
add, ID = 780, 135
add, ID = 781, 135
add, ID = 782, 190
add, ID = 783, 215
add, ID = 784, 154
add, ID = 785, 160
add, ID = 786, 145
add, ID = 787, 175
add, ID = 788, 237
add, ID = 789, 163
add, ID = 790, 161
add, ID = 791, 177
add, ID = 792, 161
add, ID = 793, 137
add, ID = 794, 458
add, ID = 795, 655
add, ID = 796, 736
add, ID = 797, 180
add, ID = 798, 182
add, ID = 799, 202
add, ID = 800, 167
add, ID = 801, 165
add, ID = 802, 174
add, ID = 803, 159
add, ID = 804, 165
add, ID = 805, 174
add, ID = 806, 153
add, ID = 807, 160
add, ID = 808, 143
add, ID = 809, 252
add, ID = 810, 194
add, ID = 811, 178
add, ID = 812, 151
add, ID = 813, 212
add, ID = 814, 171
add, ID = 815, 152
add, ID = 816, 164
add, ID = 817, 222
add, ID = 818, 157
add, ID = 819, 166
add, ID = 820, 162
add, ID = 821, 193
add, ID = 822, 1033
add, ID = 823, 274
add, ID = 824, 201
add, ID = 825, 268
add, ID = 826, 300
add, ID = 827, 194
add, ID = 828, 668
add, ID = 829, 322
add, ID = 830, 182
add, ID = 831, 150
add, ID = 832, 160
add, ID = 833, 182
add, ID = 834, 185
add, ID = 835, 140
add, ID = 836, 133
add, ID = 837, 157
add, ID = 838, 162
add, ID = 839, 168
add, ID = 840, 173
add, ID = 841, 146
add, ID = 842, 150
add, ID = 843, 1037
add, ID = 844, 168
add, ID = 845, 149
add, ID = 846, 187
add, ID = 847, 176
add, ID = 848, 163
add, ID = 849, 151
add, ID = 850, 161
add, ID = 851, 143
add, ID = 852, 163
add, ID = 853, 165
add, ID = 854, 152
add, ID = 855, 691
add, ID = 856, 514
add, ID = 857, 263
add, ID = 858, 201
add, ID = 859, 182
add, ID = 860, 192
add, ID = 861, 173
add, ID = 862, 169
add, ID = 863, 184
add, ID = 864, 145
add, ID = 865, 135
add, ID = 866, 118
add, ID = 867, 228
add, ID = 868, 437
add, ID = 869, 156
add, ID = 870, 160
add, ID = 871, 161
add, ID = 872, 126
add, ID = 873, 320
add, ID = 874, 174
add, ID = 875, 867
add, ID = 876, 477
add, ID = 877, 227
add, ID = 878, 195
add, ID = 879, 473
add, ID = 880, 654
add, ID = 881, 206
add, ID = 882, 198
add, ID = 883, 181
add, ID = 884, 172
add, ID = 885, 180
add, ID = 886, 179
add, ID = 887, 182
add, ID = 888, 179
add, ID = 889, 183
add, ID = 890, 173
add, ID = 891, 168
add, ID = 892, 153
add, ID = 893, 162
add, ID = 894, 170
add, ID = 895, 193
add, ID = 896, 161
add, ID = 897, 158
add, ID = 898, 181
add, ID = 899, 185
add, ID = 900, 164
add, ID = 901, 153
add, ID = 902, 161
add, ID = 903, 181
add, ID = 904, 166
add, ID = 905, 180
add, ID = 906, 175
add, ID = 907, 180
add, ID = 908, 479
add, ID = 909, 162
add, ID = 910, 146
add, ID = 911, 152
add, ID = 912, 169
add, ID = 913, 157
add, ID = 914, 482
add, ID = 915, 458
add, ID = 916, 248
add, ID = 917, 200
add, ID = 918, 165
add, ID = 919, 164
add, ID = 920, 173
add, ID = 921, 171
add, ID = 922, 177
add, ID = 923, 530
add, ID = 924, 132
add, ID = 925, 511
add, ID = 926, 513
add, ID = 927, 263
add, ID = 928, 222
add, ID = 929, 189
add, ID = 930, 158
add, ID = 931, 180
add, ID = 932, 149
add, ID = 933, 563
add, ID = 934, 164
add, ID = 935, 602
add, ID = 936, 283
add, ID = 937, 197
add, ID = 938, 159
add, ID = 939, 382
add, ID = 940, 222
add, ID = 941, 151
add, ID = 942, 154
add, ID = 943, 171
add, ID = 944, 163
add, ID = 945, 170
add, ID = 946, 501
add, ID = 947, 193
add, ID = 948, 160
add, ID = 949, 161
add, ID = 950, 161
add, ID = 951, 150
add, ID = 952, 170
add, ID = 953, 405
add, ID = 954, 186
add, ID = 955, 169
add, ID = 956, 179
add, ID = 957, 168
add, ID = 958, 156
add, ID = 959, 166
add, ID = 960, 168
add, ID = 961, 182
add, ID = 962, 168
add, ID = 963, 180
add, ID = 964, 162
add, ID = 965, 145
add, ID = 966, 181
add, ID = 967, 177
add, ID = 968, 169
add, ID = 969, 169
add, ID = 970, 180
add, ID = 971, 164
add, ID = 972, 170
add, ID = 973, 175
add, ID = 974, 407
add, ID = 975, 491
add, ID = 976, 460
add, ID = 977, 483
add, ID = 978, 189
add, ID = 979, 169
add, ID = 980, 159
add, ID = 981, 492
add, ID = 982, 351
add, ID = 983, 195
add, ID = 984, 484
add, ID = 985, 191
add, ID = 986, 191
add, ID = 987, 182
add, ID = 988, 164
add, ID = 989, 162
add, ID = 990, 190
add, ID = 991, 171
add, ID = 992, 170
add, ID = 993, 171
add, ID = 994, 489
add, ID = 995, 562
add, ID = 996, 527
add, ID = 997, 452
add, ID = 998, 470
add, ID = 999, 169
add, ID = 1000, 151
set, ID = 793, 3096
set, ID = 317, 1524
set, ID = 429, 1320
set, ID = 782, 630
set, ID = 426, 1233
set, ID = 944, 1394
set, ID = 872, 1505
set, ID = 440, 1302
set, ID = 730, 768
set, ID = 398, 700
set, ID = 502, 1351
set, ID = 826, 628
set, ID = 904, 626
set, ID = 556, 1263
set, ID = 953, 1247
set, ID = 832, 1246
set, ID = 11, 1384
set, ID = 109, 732
set, ID = 397, 846
set, ID = 583, 1384
set, ID = 100, 1470
set, ID = 759, 1291
set, ID = 319, 1420
set, ID = 581, 713
set, ID = 413, 559
set, ID = 692, 615
set, ID = 351, 548
set, ID = 729, 535
set, ID = 775, 584
set, ID = 645, 879
set, ID = 55, 156082
set, ID = 509, 1112
set, ID = 381, 686
set, ID = 600, 1284
set, ID = 159, 1246
set, ID = 656, 745
set, ID = 595, 631
set, ID = 498, 1230
set, ID = 295, 1087
set, ID = 88, 725
set, ID = 554, 622
set, ID = 319, 546
set, ID = 584, 568
set, ID = 500, 536
set, ID = 371, 587
set, ID = 774, 590
set, ID = 991, 520
set, ID = 520, 604
set, ID = 77, 511
set, ID = 122, 555
set, ID = 919, 570
set, ID = 57, 1293
set, ID = 189, 624
set, ID = 827, 520
set, ID = 850, 552
set, ID = 993, 605
set, ID = 553, 720
set, ID = 876, 614
set, ID = 4, 1340
set, ID = 901, 545
set, ID = 833, 508
set, ID = 365, 559
set, ID = 276, 529
set, ID = 545, 501
set, ID = 410, 565
set, ID = 56, 509
set, ID = 399, 1713
set, ID = 117, 886
set, ID = 688, 696
set, ID = 440, 567
set, ID = 954, 520
set, ID = 368, 570
set, ID = 552, 4846
set, ID = 142, 713
set, ID = 716, 639
set, ID = 467, 1222
set, ID = 175, 635
set, ID = 678, 483
set, ID = 751, 734
set, ID = 385, 516
set, ID = 106, 529
set, ID = 462, 488
set, ID = 97, 548
set, ID = 690, 491
set, ID = 907, 575
set, ID = 750, 614
set, ID = 171, 532
set, ID = 575, 532
set, ID = 45, 526
set, ID = 106, 568
set, ID = 533, 536
set, ID = 247, 754
set, ID = 717, 553
set, ID = 101, 537
set, ID = 587, 1111
set, ID = 152, 543
set, ID = 685, 500
set, ID = 864, 563
set, ID = 105, 515
set, ID = 666, 549


addTotalCount = 1000
addTotalTime = 295171
addMedianTime = 249
addAverageTime = 295


setTotalCount = 100
setTotalTime = 240118
setMedianTime = 623
setAverageTime = 2401

TotalOperationsTimeNanos = 535289
Finish program: 16.11.2025 13:21:06
