Start program: 16.11.2025 13:21:06
ArrayList
add, ID = 1, 390
add, ID = 2, 416
add, ID = 3, 447
add, ID = 4, 470
add, ID = 5, 370
add, ID = 6, 361
add, ID = 7, 433
add, ID = 8, 413
add, ID = 9, 389
add, ID = 10, 385
add, ID = 11, 459
add, ID = 12, 430
add, ID = 13, 432
add, ID = 14, 452
add, ID = 15, 413
add, ID = 16, 414
add, ID = 17, 417
add, ID = 18, 411
add, ID = 19, 447
add, ID = 20, 275
add, ID = 21, 412
add, ID = 22, 405
add, ID = 23, 367
add, ID = 24, 449
add, ID = 25, 397
add, ID = 26, 282
add, ID = 27, 346
add, ID = 28, 328
add, ID = 29, 337
add, ID = 30, 322
add, ID = 31, 393
add, ID = 32, 381
add, ID = 33, 384
add, ID = 34, 400
add, ID = 35, 298
add, ID = 36, 302
add, ID = 37, 382
add, ID = 38, 341
add, ID = 39, 266
add, ID = 40, 549
add, ID = 41, 269
add, ID = 42, 395
add, ID = 43, 273
add, ID = 44, 397
add, ID = 45, 321
add, ID = 46, 440
add, ID = 47, 414
add, ID = 48, 391
add, ID = 49, 383
add, ID = 50, 310
add, ID = 51, 383
add, ID = 52, 312
add, ID = 53, 372
add, ID = 54, 532
add, ID = 55, 339
add, ID = 56, 365
add, ID = 57, 392
add, ID = 58, 370
add, ID = 59, 394
add, ID = 60, 310
add, ID = 61, 376
add, ID = 62, 370
add, ID = 63, 359
add, ID = 64, 366
add, ID = 65, 370
add, ID = 66, 863
add, ID = 67, 396
add, ID = 68, 392
add, ID = 69, 356
add, ID = 70, 387
add, ID = 71, 305
add, ID = 72, 326
add, ID = 73, 363
add, ID = 74, 359
add, ID = 75, 428
add, ID = 76, 355
add, ID = 77, 369
add, ID = 78, 341
add, ID = 79, 353
add, ID = 80, 411
add, ID = 81, 309
add, ID = 82, 363
add, ID = 83, 375
add, ID = 84, 348
add, ID = 85, 348
add, ID = 86, 294
add, ID = 87, 439
add, ID = 88, 382
add, ID = 89, 400
add, ID = 90, 385
add, ID = 91, 403
add, ID = 92, 376
add, ID = 93, 365
add, ID = 94, 375
add, ID = 95, 372
add, ID = 96, 367
add, ID = 97, 324
add, ID = 98, 371
add, ID = 99, 363
add, ID = 100, 362
set, ID = 42, 2208
set, ID = 29, 2100
set, ID = 56, 1218
set, ID = 85, 1474
set, ID = 76, 1213
set, ID = 3, 1503
set, ID = 2, 1324
set, ID = 90, 1203
set, ID = 18, 1288
set, ID = 43, 1344


addTotalCount = 100
addTotalTime = 38093
addMedianTime = 375
addAverageTime = 380


setTotalCount = 10
setTotalTime = 14875
setMedianTime = 1334
setAverageTime = 1487

TotalOperationsTimeNanos = 52968
Finish program: 16.11.2025 13:21:06
