Start program: 16.11.2025 13:21:06
LinkedList
add, ID = 1, 3811
add, ID = 2, 2226
add, ID = 3, 2213
add, ID = 4, 2113
add, ID = 5, 1982
add, ID = 6, 1950
add, ID = 7, 15377
add, ID = 8, 2167
add, ID = 9, 1790
add, ID = 10, 1572
add, ID = 11, 1547
add, ID = 12, 1430
add, ID = 13, 1459
add, ID = 14, 1450
add, ID = 15, 1455
add, ID = 16, 1467
add, ID = 17, 1501
add, ID = 18, 1481
add, ID = 19, 1848
add, ID = 20, 1667
add, ID = 21, 2483
add, ID = 22, 2127
add, ID = 23, 1606
add, ID = 24, 2436
add, ID = 25, 1532
add, ID = 26, 1461
add, ID = 27, 1462
add, ID = 28, 1565
add, ID = 29, 4325
add, ID = 30, 1752
add, ID = 31, 1816
add, ID = 32, 1761
add, ID = 33, 2049
add, ID = 34, 2052
add, ID = 35, 2052
add, ID = 36, 1785
add, ID = 37, 5834
add, ID = 38, 2287
add, ID = 39, 1935
add, ID = 40, 2015
add, ID = 41, 2038
add, ID = 42, 1706
add, ID = 43, 1930
add, ID = 44, 1977
add, ID = 45, 1656
add, ID = 46, 1408
add, ID = 47, 1494
add, ID = 48, 1513
add, ID = 49, 2001
add, ID = 50, 1778
add, ID = 51, 1783
add, ID = 52, 1763
add, ID = 53, 1880
add, ID = 54, 1633
add, ID = 55, 1910
add, ID = 56, 1923
add, ID = 57, 2187
add, ID = 58, 1892
add, ID = 59, 1993
add, ID = 60, 1830
add, ID = 61, 1852
add, ID = 62, 2488
add, ID = 63, 1958
add, ID = 64, 1805
add, ID = 65, 1869
add, ID = 66, 1914
add, ID = 67, 1940
add, ID = 68, 1790
add, ID = 69, 1715
add, ID = 70, 1821
add, ID = 71, 1590
add, ID = 72, 1502
add, ID = 73, 2093
add, ID = 74, 2102
add, ID = 75, 2461
add, ID = 76, 1924
add, ID = 77, 1853
add, ID = 78, 1844
add, ID = 79, 2432
add, ID = 80, 2443
add, ID = 81, 2181
add, ID = 82, 1684
add, ID = 83, 1676
add, ID = 84, 1630
add, ID = 85, 1509
add, ID = 86, 1801
add, ID = 87, 1691
add, ID = 88, 1650
add, ID = 89, 1789
add, ID = 90, 1847
add, ID = 91, 1845
add, ID = 92, 1705
add, ID = 93, 2465
add, ID = 94, 1718
add, ID = 95, 1565
add, ID = 96, 1810
add, ID = 97, 1874
add, ID = 98, 1595
add, ID = 99, 1545
add, ID = 100, 1701
set, ID = 91, 4039
set, ID = 7, 2961
set, ID = 13, 3649
set, ID = 85, 3480
set, ID = 88, 2591
set, ID = 4, 2310
set, ID = 33, 4185
set, ID = 76, 3499
set, ID = 2, 2180
set, ID = 52, 4972


addTotalCount = 100
addTotalTime = 205813
addMedianTime = 1825
addAverageTime = 2058


setTotalCount = 10
setTotalTime = 33866
setMedianTime = 3489
setAverageTime = 3386

TotalOperationsTimeNanos = 239679
Finish program: 16.11.2025 13:21:06
