Start program: 16.11.2025 13:21:06
LinkedList
add, ID = 1, 5602
add, ID = 2, 2786
add, ID = 3, 1194
add, ID = 4, 1011
add, ID = 5, 1054
add, ID = 6, 998
add, ID = 7, 2002
add, ID = 8, 927
add, ID = 9, 858
add, ID = 10, 901
add, ID = 11, 945
add, ID = 12, 1944
add, ID = 13, 947
add, ID = 14, 920
add, ID = 15, 893
add, ID = 16, 983
add, ID = 17, 921
add, ID = 18, 984
add, ID = 19, 896
add, ID = 20, 910
add, ID = 21, 1243
add, ID = 22, 902
add, ID = 23, 910
add, ID = 24, 953
add, ID = 25, 1998
add, ID = 26, 933
add, ID = 27, 889
add, ID = 28, 919
add, ID = 29, 1061
add, ID = 30, 997
add, ID = 31, 879
add, ID = 32, 892
add, ID = 33, 930
add, ID = 34, 906
add, ID = 35, 926
add, ID = 36, 898
add, ID = 37, 890
add, ID = 38, 955
add, ID = 39, 964
add, ID = 40, 920
add, ID = 41, 915
add, ID = 42, 868
add, ID = 43, 923
add, ID = 44, 949
add, ID = 45, 1025
add, ID = 46, 937
add, ID = 47, 939
add, ID = 48, 922
add, ID = 49, 956
add, ID = 50, 997
add, ID = 51, 921
add, ID = 52, 849
add, ID = 53, 914
add, ID = 54, 983
add, ID = 55, 24163
add, ID = 56, 1092
add, ID = 57, 2991
add, ID = 58, 965
add, ID = 59, 1860
add, ID = 60, 969
add, ID = 61, 940
add, ID = 62, 923
add, ID = 63, 956
add, ID = 64, 2012
add, ID = 65, 2575
add, ID = 66, 917
add, ID = 67, 1046
add, ID = 68, 885
add, ID = 69, 2078
add, ID = 70, 947
add, ID = 71, 943
add, ID = 72, 939
add, ID = 73, 1001
add, ID = 74, 968
add, ID = 75, 965
add, ID = 76, 1014
add, ID = 77, 2841
add, ID = 78, 1459
add, ID = 79, 1444
add, ID = 80, 1313
add, ID = 81, 1114
add, ID = 82, 984
add, ID = 83, 1047
add, ID = 84, 981
add, ID = 85, 968
add, ID = 86, 1033
add, ID = 87, 1055
add, ID = 88, 1048
add, ID = 89, 1034
add, ID = 90, 1004
add, ID = 91, 961
add, ID = 92, 955
add, ID = 93, 1035
add, ID = 94, 1108
add, ID = 95, 1070
add, ID = 96, 1062
add, ID = 97, 1042
add, ID = 98, 1058
add, ID = 99, 987
add, ID = 100, 963
add, ID = 101, 1122
add, ID = 102, 937
add, ID = 103, 891
add, ID = 104, 868
add, ID = 105, 942
add, ID = 106, 996
add, ID = 107, 1042
add, ID = 108, 1054
add, ID = 109, 1110
add, ID = 110, 891
add, ID = 111, 975
add, ID = 112, 1021
add, ID = 113, 1306
add, ID = 114, 1053
add, ID = 115, 1019
add, ID = 116, 904
add, ID = 117, 922
add, ID = 118, 1005
add, ID = 119, 954
add, ID = 120, 1037
add, ID = 121, 990
add, ID = 122, 1209
add, ID = 123, 1119
add, ID = 124, 1161
add, ID = 125, 1185
add, ID = 126, 1027
add, ID = 127, 899
add, ID = 128, 946
add, ID = 129, 883
add, ID = 130, 973
add, ID = 131, 922
add, ID = 132, 840
add, ID = 133, 949
add, ID = 134, 966
add, ID = 135, 1048
add, ID = 136, 956
add, ID = 137, 2109
add, ID = 138, 979
add, ID = 139, 995
add, ID = 140, 1014
add, ID = 141, 1023
add, ID = 142, 1014
add, ID = 143, 1062
add, ID = 144, 1014
add, ID = 145, 955
add, ID = 146, 1036
add, ID = 147, 1966
add, ID = 148, 2514
add, ID = 149, 2081
add, ID = 150, 1135
add, ID = 151, 895
add, ID = 152, 955
add, ID = 153, 1011
add, ID = 154, 875
add, ID = 155, 978
add, ID = 156, 987
add, ID = 157, 914
add, ID = 158, 949
add, ID = 159, 909
add, ID = 160, 1054
add, ID = 161, 954
add, ID = 162, 922
add, ID = 163, 879
add, ID = 164, 908
add, ID = 165, 904
add, ID = 166, 920
add, ID = 167, 883
add, ID = 168, 972
add, ID = 169, 920
add, ID = 170, 1983
add, ID = 171, 2086
add, ID = 172, 1097
add, ID = 173, 1004
add, ID = 174, 1034
add, ID = 175, 919
add, ID = 176, 959
add, ID = 177, 936
add, ID = 178, 898
add, ID = 179, 961
add, ID = 180, 957
add, ID = 181, 977
add, ID = 182, 1017
add, ID = 183, 1011
add, ID = 184, 990
add, ID = 185, 14296
add, ID = 186, 1009
add, ID = 187, 1008
add, ID = 188, 936
add, ID = 189, 1809
add, ID = 190, 934
add, ID = 191, 931
add, ID = 192, 921
add, ID = 193, 3809
add, ID = 194, 993
add, ID = 195, 1017
add, ID = 196, 883
add, ID = 197, 1597
add, ID = 198, 995
add, ID = 199, 971
add, ID = 200, 953
add, ID = 201, 1107
add, ID = 202, 938
add, ID = 203, 896
add, ID = 204, 1790
add, ID = 205, 1008
add, ID = 206, 911
add, ID = 207, 928
add, ID = 208, 839
add, ID = 209, 896
add, ID = 210, 918
add, ID = 211, 896
add, ID = 212, 1894
add, ID = 213, 1024
add, ID = 214, 889
add, ID = 215, 941
add, ID = 216, 1112
add, ID = 217, 1120
add, ID = 218, 1015
add, ID = 219, 1006
add, ID = 220, 1024
add, ID = 221, 1006
add, ID = 222, 1680
add, ID = 223, 990
add, ID = 224, 909
add, ID = 225, 907
add, ID = 226, 913
add, ID = 227, 1828
add, ID = 228, 1021
add, ID = 229, 903
add, ID = 230, 898
add, ID = 231, 916
add, ID = 232, 940
add, ID = 233, 978
add, ID = 234, 999
add, ID = 235, 3367
add, ID = 236, 1092
add, ID = 237, 1175
add, ID = 238, 1059
add, ID = 239, 920
add, ID = 240, 915
add, ID = 241, 950
add, ID = 242, 882
add, ID = 243, 927
add, ID = 244, 939
add, ID = 245, 977
add, ID = 246, 1956
add, ID = 247, 1023
add, ID = 248, 1089
add, ID = 249, 723
add, ID = 250, 613
add, ID = 251, 590
add, ID = 252, 535
add, ID = 253, 541
add, ID = 254, 14715
add, ID = 255, 530
add, ID = 256, 248
add, ID = 257, 221
add, ID = 258, 249
add, ID = 259, 231
add, ID = 260, 240
add, ID = 261, 251
add, ID = 262, 234
add, ID = 263, 251
add, ID = 264, 261
add, ID = 265, 481
add, ID = 266, 236
add, ID = 267, 230
add, ID = 268, 293
add, ID = 269, 266
add, ID = 270, 233
add, ID = 271, 257
add, ID = 272, 290
add, ID = 273, 637
add, ID = 274, 244
add, ID = 275, 276
add, ID = 276, 235
add, ID = 277, 247
add, ID = 278, 258
add, ID = 279, 267
add, ID = 280, 254
add, ID = 281, 597
add, ID = 282, 249
add, ID = 283, 242
add, ID = 284, 231
add, ID = 285, 257
add, ID = 286, 259
add, ID = 287, 248
add, ID = 288, 250
add, ID = 289, 865
add, ID = 290, 238
add, ID = 291, 237
add, ID = 292, 287
add, ID = 293, 256
add, ID = 294, 244
add, ID = 295, 265
add, ID = 296, 267
add, ID = 297, 232
add, ID = 298, 258
add, ID = 299, 236
add, ID = 300, 257
add, ID = 301, 243
add, ID = 302, 243
add, ID = 303, 247
add, ID = 304, 255
add, ID = 305, 244
add, ID = 306, 243
add, ID = 307, 255
add, ID = 308, 240
add, ID = 309, 247
add, ID = 310, 278
add, ID = 311, 258
add, ID = 312, 458
add, ID = 313, 616
add, ID = 314, 257
add, ID = 315, 257
add, ID = 316, 263
add, ID = 317, 604
add, ID = 318, 259
add, ID = 319, 267
add, ID = 320, 269
add, ID = 321, 254
add, ID = 322, 633
add, ID = 323, 401
add, ID = 324, 277
add, ID = 325, 235
add, ID = 326, 633
add, ID = 327, 597
add, ID = 328, 263
add, ID = 329, 255
add, ID = 330, 266
add, ID = 331, 257
add, ID = 332, 645
add, ID = 333, 297
add, ID = 334, 277
add, ID = 335, 269
add, ID = 336, 293
add, ID = 337, 295
add, ID = 338, 313
add, ID = 339, 294
add, ID = 340, 249
add, ID = 341, 284
add, ID = 342, 302
add, ID = 343, 585
add, ID = 344, 296
add, ID = 345, 275
add, ID = 346, 302
add, ID = 347, 273
add, ID = 348, 279
add, ID = 349, 290
add, ID = 350, 276
add, ID = 351, 272
add, ID = 352, 274
add, ID = 353, 524
add, ID = 354, 307
add, ID = 355, 296
add, ID = 356, 291
add, ID = 357, 273
add, ID = 358, 267
add, ID = 359, 287
add, ID = 360, 281
add, ID = 361, 655
add, ID = 362, 279
add, ID = 363, 274
add, ID = 364, 277
add, ID = 365, 279
add, ID = 366, 595
add, ID = 367, 235
add, ID = 368, 228
add, ID = 369, 282
add, ID = 370, 258
add, ID = 371, 620
add, ID = 372, 279
add, ID = 373, 257
add, ID = 374, 294
add, ID = 375, 263
add, ID = 376, 288
add, ID = 377, 285
add, ID = 378, 276
add, ID = 379, 309
add, ID = 380, 281
add, ID = 381, 303
add, ID = 382, 302
add, ID = 383, 277
add, ID = 384, 301
add, ID = 385, 277
add, ID = 386, 281
add, ID = 387, 539
add, ID = 388, 290
add, ID = 389, 297
add, ID = 390, 288
add, ID = 391, 290
add, ID = 392, 293
add, ID = 393, 292
add, ID = 394, 278
add, ID = 395, 289
add, ID = 396, 293
add, ID = 397, 282
add, ID = 398, 282
add, ID = 399, 275
add, ID = 400, 313
add, ID = 401, 276
add, ID = 402, 304
add, ID = 403, 300
add, ID = 404, 301
add, ID = 405, 280
add, ID = 406, 296
add, ID = 407, 286
add, ID = 408, 294
add, ID = 409, 258
add, ID = 410, 307
add, ID = 411, 258
add, ID = 412, 300
add, ID = 413, 283
add, ID = 414, 296
add, ID = 415, 313
add, ID = 416, 290
add, ID = 417, 802
add, ID = 418, 257
add, ID = 419, 313
add, ID = 420, 293
add, ID = 421, 298
add, ID = 422, 281
add, ID = 423, 270
add, ID = 424, 294
add, ID = 425, 288
add, ID = 426, 662
add, ID = 427, 298
add, ID = 428, 293
add, ID = 429, 263
add, ID = 430, 275
add, ID = 431, 285
add, ID = 432, 285
add, ID = 433, 642
add, ID = 434, 287
add, ID = 435, 287
add, ID = 436, 284
add, ID = 437, 308
add, ID = 438, 950
add, ID = 439, 292
add, ID = 440, 277
add, ID = 441, 305
add, ID = 442, 297
add, ID = 443, 266
add, ID = 444, 293
add, ID = 445, 259
add, ID = 446, 271
add, ID = 447, 292
add, ID = 448, 257
add, ID = 449, 305
add, ID = 450, 268
add, ID = 451, 307
add, ID = 452, 296
add, ID = 453, 687
add, ID = 454, 302
add, ID = 455, 289
add, ID = 456, 272
add, ID = 457, 273
add, ID = 458, 274
add, ID = 459, 272
add, ID = 460, 332
add, ID = 461, 298
add, ID = 462, 283
add, ID = 463, 263
add, ID = 464, 288
add, ID = 465, 277
add, ID = 466, 300
add, ID = 467, 262
add, ID = 468, 287
add, ID = 469, 293
add, ID = 470, 267
add, ID = 471, 289
add, ID = 472, 254
add, ID = 473, 590
add, ID = 474, 600
add, ID = 475, 293
add, ID = 476, 270
add, ID = 477, 3367
add, ID = 478, 318
add, ID = 479, 294
add, ID = 480, 296
add, ID = 481, 301
add, ID = 482, 733
add, ID = 483, 288
add, ID = 484, 273
add, ID = 485, 263
add, ID = 486, 277
add, ID = 487, 279
add, ID = 488, 299
add, ID = 489, 292
add, ID = 490, 275
add, ID = 491, 293
add, ID = 492, 501
add, ID = 493, 271
add, ID = 494, 324
add, ID = 495, 309
add, ID = 496, 276
add, ID = 497, 298
add, ID = 498, 291
add, ID = 499, 282
add, ID = 500, 297
add, ID = 501, 308
add, ID = 502, 280
add, ID = 503, 284
add, ID = 504, 276
add, ID = 505, 279
add, ID = 506, 257
add, ID = 507, 642
add, ID = 508, 279
add, ID = 509, 297
add, ID = 510, 411
add, ID = 511, 282
add, ID = 512, 265
add, ID = 513, 307
add, ID = 514, 279
add, ID = 515, 265
add, ID = 516, 289
add, ID = 517, 282
add, ID = 518, 300
add, ID = 519, 272
add, ID = 520, 240
add, ID = 521, 311
add, ID = 522, 290
add, ID = 523, 287
add, ID = 524, 276
add, ID = 525, 295
add, ID = 526, 282
add, ID = 527, 274
add, ID = 528, 300
add, ID = 529, 298
add, ID = 530, 290
add, ID = 531, 604
add, ID = 532, 288
add, ID = 533, 293
add, ID = 534, 663
add, ID = 535, 299
add, ID = 536, 285
add, ID = 537, 650
add, ID = 538, 299
add, ID = 539, 303
add, ID = 540, 277
add, ID = 541, 287
add, ID = 542, 301
add, ID = 543, 277
add, ID = 544, 256
add, ID = 545, 285
add, ID = 546, 307
add, ID = 547, 304
add, ID = 548, 280
add, ID = 549, 273
add, ID = 550, 297
add, ID = 551, 267
add, ID = 552, 303
add, ID = 553, 289
add, ID = 554, 253
add, ID = 555, 307
add, ID = 556, 278
add, ID = 557, 284
add, ID = 558, 312
add, ID = 559, 266
add, ID = 560, 684
add, ID = 561, 349
add, ID = 562, 650
add, ID = 563, 309
add, ID = 564, 280
add, ID = 565, 299
add, ID = 566, 271
add, ID = 567, 643
add, ID = 568, 307
add, ID = 569, 304
add, ID = 570, 281
add, ID = 571, 289
add, ID = 572, 595
add, ID = 573, 286
add, ID = 574, 286
add, ID = 575, 308
add, ID = 576, 306
add, ID = 577, 269
add, ID = 578, 279
add, ID = 579, 277
add, ID = 580, 269
add, ID = 581, 304
add, ID = 582, 278
add, ID = 583, 752
add, ID = 584, 307
add, ID = 585, 283
add, ID = 586, 305
add, ID = 587, 280
add, ID = 588, 248
add, ID = 589, 285
add, ID = 590, 274
add, ID = 591, 298
add, ID = 592, 270
add, ID = 593, 308
add, ID = 594, 279
add, ID = 595, 287
add, ID = 596, 677
add, ID = 597, 262
add, ID = 598, 272
add, ID = 599, 286
add, ID = 600, 283
add, ID = 601, 650
add, ID = 602, 293
add, ID = 603, 260
add, ID = 604, 296
add, ID = 605, 287
add, ID = 606, 289
add, ID = 607, 253
add, ID = 608, 623
add, ID = 609, 263
add, ID = 610, 321
add, ID = 611, 300
add, ID = 612, 301
add, ID = 613, 270
add, ID = 614, 295
add, ID = 615, 294
add, ID = 616, 289
add, ID = 617, 285
add, ID = 618, 278
add, ID = 619, 277
add, ID = 620, 300
add, ID = 621, 295
add, ID = 622, 272
add, ID = 623, 303
add, ID = 624, 267
add, ID = 625, 666
add, ID = 626, 290
add, ID = 627, 316
add, ID = 628, 314
add, ID = 629, 283
add, ID = 630, 288
add, ID = 631, 307
add, ID = 632, 272
add, ID = 633, 257
add, ID = 634, 277
add, ID = 635, 297
add, ID = 636, 269
add, ID = 637, 304
add, ID = 638, 280
add, ID = 639, 304
add, ID = 640, 299
add, ID = 641, 275
add, ID = 642, 273
add, ID = 643, 304
add, ID = 644, 288
add, ID = 645, 313
add, ID = 646, 278
add, ID = 647, 295
add, ID = 648, 566
add, ID = 649, 286
add, ID = 650, 290
add, ID = 651, 290
add, ID = 652, 300
add, ID = 653, 268
add, ID = 654, 559
add, ID = 655, 304
add, ID = 656, 279
add, ID = 657, 298
add, ID = 658, 290
add, ID = 659, 258
add, ID = 660, 301
add, ID = 661, 271
add, ID = 662, 524
add, ID = 663, 291
add, ID = 664, 287
add, ID = 665, 277
add, ID = 666, 300
add, ID = 667, 303
add, ID = 668, 292
add, ID = 669, 294
add, ID = 670, 292
add, ID = 671, 289
add, ID = 672, 264
add, ID = 673, 268
add, ID = 674, 294
add, ID = 675, 275
add, ID = 676, 279
add, ID = 677, 268
add, ID = 678, 281
add, ID = 679, 285
add, ID = 680, 274
add, ID = 681, 1097
add, ID = 682, 284
add, ID = 683, 277
add, ID = 684, 261
add, ID = 685, 281
add, ID = 686, 279
add, ID = 687, 298
add, ID = 688, 290
add, ID = 689, 300
add, ID = 690, 289
add, ID = 691, 269
add, ID = 692, 271
add, ID = 693, 288
add, ID = 694, 273
add, ID = 695, 266
add, ID = 696, 275
add, ID = 697, 294
add, ID = 698, 605
add, ID = 699, 292
add, ID = 700, 297
add, ID = 701, 289
add, ID = 702, 287
add, ID = 703, 281
add, ID = 704, 297
add, ID = 705, 299
add, ID = 706, 259
add, ID = 707, 306
add, ID = 708, 275
add, ID = 709, 278
add, ID = 710, 275
add, ID = 711, 288
add, ID = 712, 270
add, ID = 713, 255
add, ID = 714, 290
add, ID = 715, 297
add, ID = 716, 294
add, ID = 717, 309
add, ID = 718, 283
add, ID = 719, 283
add, ID = 720, 292
add, ID = 721, 269
add, ID = 722, 281
add, ID = 723, 281
add, ID = 724, 265
add, ID = 725, 287
add, ID = 726, 307
add, ID = 727, 847
add, ID = 728, 282
add, ID = 729, 278
add, ID = 730, 272
add, ID = 731, 272
add, ID = 732, 289
add, ID = 733, 284
add, ID = 734, 267
add, ID = 735, 618
add, ID = 736, 312
add, ID = 737, 294
add, ID = 738, 309
add, ID = 739, 279
add, ID = 740, 269
add, ID = 741, 281
add, ID = 742, 279
add, ID = 743, 265
add, ID = 744, 306
add, ID = 745, 284
add, ID = 746, 353
add, ID = 747, 290
add, ID = 748, 257
add, ID = 749, 281
add, ID = 750, 239
add, ID = 751, 275
add, ID = 752, 331
add, ID = 753, 298
add, ID = 754, 288
add, ID = 755, 282
add, ID = 756, 262
add, ID = 757, 301
add, ID = 758, 275
add, ID = 759, 666
add, ID = 760, 256
add, ID = 761, 278
add, ID = 762, 255
add, ID = 763, 264
add, ID = 764, 242
add, ID = 765, 288
add, ID = 766, 313
add, ID = 767, 289
add, ID = 768, 284
add, ID = 769, 298
add, ID = 770, 273
add, ID = 771, 286
add, ID = 772, 249
add, ID = 773, 281
add, ID = 774, 270
add, ID = 775, 279
add, ID = 776, 282
add, ID = 777, 278
add, ID = 778, 298
add, ID = 779, 274
add, ID = 780, 275
add, ID = 781, 294
add, ID = 782, 275
add, ID = 783, 255
add, ID = 784, 271
add, ID = 785, 281
add, ID = 786, 285
add, ID = 787, 282
add, ID = 788, 278
add, ID = 789, 260
add, ID = 790, 291
add, ID = 791, 278
add, ID = 792, 309
add, ID = 793, 295
add, ID = 794, 271
add, ID = 795, 266
add, ID = 796, 297
add, ID = 797, 276
add, ID = 798, 285
add, ID = 799, 281
add, ID = 800, 267
add, ID = 801, 286
add, ID = 802, 266
add, ID = 803, 276
add, ID = 804, 281
add, ID = 805, 294
add, ID = 806, 263
add, ID = 807, 271
add, ID = 808, 263
add, ID = 809, 314
add, ID = 810, 265
add, ID = 811, 273
add, ID = 812, 299
add, ID = 813, 916
add, ID = 814, 276
add, ID = 815, 289
add, ID = 816, 256
add, ID = 817, 309
add, ID = 818, 274
add, ID = 819, 283
add, ID = 820, 337
add, ID = 821, 293
add, ID = 822, 295
add, ID = 823, 282
add, ID = 824, 294
add, ID = 825, 305
add, ID = 826, 253
add, ID = 827, 302
add, ID = 828, 265
add, ID = 829, 294
add, ID = 830, 294
add, ID = 831, 276
add, ID = 832, 299
add, ID = 833, 284
add, ID = 834, 269
add, ID = 835, 300
add, ID = 836, 259
add, ID = 837, 299
add, ID = 838, 279
add, ID = 839, 292
add, ID = 840, 282
add, ID = 841, 254
add, ID = 842, 296
add, ID = 843, 285
add, ID = 844, 289
add, ID = 845, 274
add, ID = 846, 275
add, ID = 847, 619
add, ID = 848, 296
add, ID = 849, 272
add, ID = 850, 302
add, ID = 851, 270
add, ID = 852, 290
add, ID = 853, 296
add, ID = 854, 279
add, ID = 855, 278
add, ID = 856, 301
add, ID = 857, 297
add, ID = 858, 312
add, ID = 859, 265
add, ID = 860, 258
add, ID = 861, 290
add, ID = 862, 282
add, ID = 863, 298
add, ID = 864, 286
add, ID = 865, 267
add, ID = 866, 301
add, ID = 867, 303
add, ID = 868, 267
add, ID = 869, 302
add, ID = 870, 302
add, ID = 871, 314
add, ID = 872, 275
add, ID = 873, 301
add, ID = 874, 294
add, ID = 875, 296
add, ID = 876, 302
add, ID = 877, 330
add, ID = 878, 285
add, ID = 879, 285
add, ID = 880, 612
add, ID = 881, 298
add, ID = 882, 308
add, ID = 883, 295
add, ID = 884, 253
add, ID = 885, 297
add, ID = 886, 287
add, ID = 887, 283
add, ID = 888, 629
add, ID = 889, 283
add, ID = 890, 316
add, ID = 891, 278
add, ID = 892, 281
add, ID = 893, 288
add, ID = 894, 295
add, ID = 895, 289
add, ID = 896, 554
add, ID = 897, 249
add, ID = 898, 518
add, ID = 899, 281
add, ID = 900, 612
add, ID = 901, 278
add, ID = 902, 261
add, ID = 903, 264
add, ID = 904, 288
add, ID = 905, 266
add, ID = 906, 284
add, ID = 907, 294
add, ID = 908, 262
add, ID = 909, 648
add, ID = 910, 306
add, ID = 911, 265
add, ID = 912, 294
add, ID = 913, 287
add, ID = 914, 258
add, ID = 915, 299
add, ID = 916, 274
add, ID = 917, 276
add, ID = 918, 268
add, ID = 919, 285
add, ID = 920, 258
add, ID = 921, 299
add, ID = 922, 284
add, ID = 923, 328
add, ID = 924, 287
add, ID = 925, 272
add, ID = 926, 308
add, ID = 927, 281
add, ID = 928, 299
add, ID = 929, 272
add, ID = 930, 287
add, ID = 931, 299
add, ID = 932, 271
add, ID = 933, 764
add, ID = 934, 310
add, ID = 935, 291
add, ID = 936, 285
add, ID = 937, 274
add, ID = 938, 280
add, ID = 939, 293
add, ID = 940, 257
add, ID = 941, 632
add, ID = 942, 292
add, ID = 943, 292
add, ID = 944, 299
add, ID = 945, 291
add, ID = 946, 260
add, ID = 947, 1579
add, ID = 948, 350
add, ID = 949, 622
add, ID = 950, 281
add, ID = 951, 301
add, ID = 952, 262
add, ID = 953, 266
add, ID = 954, 275
add, ID = 955, 277
add, ID = 956, 290
add, ID = 957, 268
add, ID = 958, 300
add, ID = 959, 295
add, ID = 960, 267
add, ID = 961, 252
add, ID = 962, 277
add, ID = 963, 240
add, ID = 964, 280
add, ID = 965, 257
add, ID = 966, 686
add, ID = 967, 243
add, ID = 968, 250
add, ID = 969, 280
add, ID = 970, 270
add, ID = 971, 276
add, ID = 972, 280
add, ID = 973, 264
add, ID = 974, 247
add, ID = 975, 279
add, ID = 976, 268
add, ID = 977, 258
add, ID = 978, 271
add, ID = 979, 267
add, ID = 980, 274
add, ID = 981, 255
add, ID = 982, 637
add, ID = 983, 262
add, ID = 984, 303
add, ID = 985, 254
add, ID = 986, 261
add, ID = 987, 247
add, ID = 988, 286
add, ID = 989, 274
add, ID = 990, 255
add, ID = 991, 272
add, ID = 992, 266
add, ID = 993, 258
add, ID = 994, 270
add, ID = 995, 277
add, ID = 996, 254
add, ID = 997, 267
add, ID = 998, 320
add, ID = 999, 273
add, ID = 1000, 260
set, ID = 813, 26552
set, ID = 616, 26619
set, ID = 214, 18317
set, ID = 837, 30828
set, ID = 776, 10561
set, ID = 174, 16792
set, ID = 176, 6883
set, ID = 498, 39022
set, ID = 89, 4449
set, ID = 975, 2395
set, ID = 460, 21219
set, ID = 391, 7883
set, ID = 824, 7562
set, ID = 292, 6745
set, ID = 327, 6675
set, ID = 380, 7224
set, ID = 500, 12696
set, ID = 340, 6310
set, ID = 439, 7879
set, ID = 987, 1217
set, ID = 334, 6230
set, ID = 821, 5890
set, ID = 383, 7081
set, ID = 133, 3076
set, ID = 528, 20222
set, ID = 969, 1385
set, ID = 739, 5108
set, ID = 582, 7479
set, ID = 857, 3279
set, ID = 629, 7614
set, ID = 208, 6196
set, ID = 858, 3139
set, ID = 439, 10403
set, ID = 597, 10072
set, ID = 599, 7255
set, ID = 146, 3292
set, ID = 455, 9009
set, ID = 115, 3205
set, ID = 206, 4272
set, ID = 503, 13136
set, ID = 627, 6714
set, ID = 167, 3650
set, ID = 98, 2504
set, ID = 687, 5952
set, ID = 585, 7333
set, ID = 560, 7806
set, ID = 558, 8893
set, ID = 292, 6047
set, ID = 859, 4186
set, ID = 561, 7725
set, ID = 929, 2976
set, ID = 666, 6076
set, ID = 968, 2429
set, ID = 342, 7083
set, ID = 38, 1590
set, ID = 121, 2769
set, ID = 815, 5104
set, ID = 766, 5244
set, ID = 149, 3629
set, ID = 64, 2000
set, ID = 588, 9453
set, ID = 354, 10069
set, ID = 450, 11746
set, ID = 571, 12679
set, ID = 424, 8013
set, ID = 523, 10645
set, ID = 471, 10290
set, ID = 379, 6973
set, ID = 673, 6896
set, ID = 802, 4058
set, ID = 747, 5061
set, ID = 780, 4395
set, ID = 451, 10077
set, ID = 969, 1402
set, ID = 670, 7014
set, ID = 732, 5046
set, ID = 889, 2758
set, ID = 871, 2886
set, ID = 880, 2792
set, ID = 22, 1431
set, ID = 285, 6513
set, ID = 849, 3516
set, ID = 581, 10075
set, ID = 726, 5741
set, ID = 39, 1631
set, ID = 148, 3994
set, ID = 966, 1525
set, ID = 864, 3026
set, ID = 53, 2099
set, ID = 126, 2871
set, ID = 984, 1129
set, ID = 393, 10403
set, ID = 208, 4366
set, ID = 980, 1278
set, ID = 233, 4900
set, ID = 711, 6731
set, ID = 142, 3288
set, ID = 174, 3575
set, ID = 836, 3804
set, ID = 740, 4950


addTotalCount = 1000
addTotalTime = 569699
addMedianTime = 294
addAverageTime = 569


setTotalCount = 100
setTotalTime = 723980
setMedianTime = 6061
setAverageTime = 7239

TotalOperationsTimeNanos = 1293679
Finish program: 16.11.2025 13:21:06
